ft_memset:     [OK] [OK] [OK] [OK] [OK] [OK] [OK] 
ft_bzero:      [OK] [OK] [OK] [OK] 
ft_memcpy:     [OK] [OK] [OK] [OK] [OK] [OK] [OK] [OK] [OK] [OK] [OK] 
ft_memccpy:    [OK] [OK] [OK] [OK] [OK] [OK] [OK] [OK] [OK] [OK] [OK] [OK] 
ft_memmove:    [OK] [OK] [OK] [OK] [OK] [OK] [OK] [OK] [OK] [OK] [OK] [OK] [OK] [OK] 
ft_memchr:     [OK] [OK] [OK] [OK] [OK] [OK] [OK] [OK] 
ft_memcmp:     [OK] [OK] [OK] [OK] [OK] [OK] [OK] [OK] [OK] [OK] 
ft_strlen:     [OK] [OK] [OK] [OK] [OK] [OK] [OK] [OK] [OK] 
ft_isalpha:    [OK] 
ft_isdigit:    [OK] 
ft_isalnum:    [OK] 
ft_isascii:    [OK] 
ft_isprint:    [OK] 
ft_toupper:    [OK] 
ft_tolower:    [OK] 
ft_strchr:     [OK] [OK] [OK] [OK] [OK] [OK] [OK] [OK] [OK] [OK] 
ft_strrchr:    [OK] [OK] [OK] [OK] [OK] [OK] [OK] [OK] 
ft_strncmp:    [OK] [OK] [OK] [OK] [OK] [OK] [OK] [OK] [OK] [OK] [OK] [OK] [OK] 
ft_strlcpy:    [OK] [OK] [OK] [FAILED] [OK] [OK] {not protected}
[fail]: your strlcpy does works whe size < strlen(src)
Test code:
	char *str = "hello !";
	char buff1[0xF00];
	char buff2[0xF00];
	size_t r1;
	size_t r2;

	__builtin___memset_chk (buff1, 'A', 20, __builtin_object_size (buff1, 0));
	__builtin___memset_chk (buff2, 'A', 20, __builtin_object_size (buff2, 0));
	r1 = __builtin___strlcpy_chk (buff1, str, 2, __builtin_object_size (buff1, 2 > 1 ? 1 : 0));
	r2 = ft_strlcpy(buff2, str, 2);
	if (r1 == r2 && !memcmp(buff1, buff2, 20))
		exit(TEST_SUCCESS);
	if (r1 != r2)
	{
	}
		for (register int __i = 0; __i < 20; ++__i)
		for (register int __i = 0; __i < 20; ++__i)
	}
	exit(TEST_FAILED);

Diffs:
     strlcpy: |\x68 \x0  \x41 \x41 \x41 \x41 \x41 \x41 \x41 \x41 \x41 \x41 \x41 \x41 \x41 \x41 \x41 \x41 \x41 \x41 |
  ft_strlcpy: |\x68 \x65 \x0  \x41 \x41 \x41 \x41 \x41 \x41 \x41 \x41 \x41 \x41 \x41 \x41 \x41 \x41 \x41 \x41 \x41 |

ft_strlcat:    [OK] [OK] [OK] [OK] [OK] [OK] [OK] [OK] [OK] [OK] [OK] [OK] 
ft_strnstr:    [OK] [OK] [OK] [OK] [OK] [OK] [OK] [OK] [OK] [OK] [OK] [OK] [OK] [OK] 
ft_atoi:       [OK] [OK] [OK] [OK] [OK] [OK] [OK] [OK] [OK] [OK] [OK] [KO] [KO] [OK] 
[KO]: your atoi does not work with over long max value
Test code:
	char n[40] = "99999999999999999999999999";
	int i1 = atoi(n);
	int i2 = ft_atoi(n);

	if (i1 == i2)
		exit(TEST_SUCCESS);
	exit(TEST_KO);

Diffs:
        atoi: |-1|
     ft_atoi: |-469762049|

[KO]: your atoi does not work with over long min value
Test code:
	char n[40] = "-99999999999999999999999999";
	int i1 = atoi(n);
	int i2 = ft_atoi(n);

	if (i1 == i2)
		exit(TEST_SUCCESS);
	exit(TEST_KO);

Diffs:
        atoi: |0|
     ft_atoi: |469762049|

ft_calloc:     [OK] [OK] [OK] [FAILED] [OK] 
[fail]: your calloc don't work with 0 size
Test code:
	void *str = ft_calloc(0, 0);

	if (str == ((void *)0))
		exit(TEST_FAILED);
	free(str);
	exit(TEST_SUCCESS);

Diffs:


ft_strdup:     [OK] [OK] [OK] [OK] [OK] [OK] [OK] 
ft_substr:     [OK] [OK] [OK] [OK] [OK] [OK] [OK] [OK] {protected}
ft_strjoin:    [OK] [OK] [OK] [OK] [OK] {protected}
ft_strtrim:    [FAILED] [FAILED] [FAILED] [FAILED] [FAILED] [KO] [FAILED] [OK] [FAILED] {not protected}
[fail]: your strtrim does not work with basic input
Test code:
	char *s1 = "   \t  \n\n \t\t  \n\n\nHello \t  Please\n Trim me !\n   \n \n \t\t\n  ";
	char *s2 = "Hello \t  Please\n Trim me !";
	char *ret = ft_strtrim(s1, " \n\t");

	if (!strcmp(ret, s2))
		exit(TEST_SUCCESS);
	exit(TEST_FAILED);

Diffs:
     strtrim: |Hello 	  Please
 Trim me !|
  ft_strtrim: |HelloPleaseTrimme!

|

[fail]: your strtrim does not work with basic input
Test code:
	char *s1 = "   \t  \n\n \t\t  \n\n\nHello \t  Please\n Trim me !";
	char *s2 = "Hello \t  Please\n Trim me !";
	char *ret = ft_strtrim(s1, " \n\t");

	if (!strcmp(ret, s2))
		exit(TEST_SUCCESS);
	exit(TEST_FAILED);

Diffs:
     strtrim: |Hello 	  Please
 Trim me !|
  ft_strtrim: |HelloPleaseTrimme!

|

[fail]: your strtrim does not work with basic input
Test code:
	char *s1 = "Hello \t  Please\n Trim me !";
	char *s2 = "Hello \t  Please\n Trim me !";
	char *ret = ft_strtrim(s1, " \n\t");

	if (!strcmp(ret, s2))
		exit(TEST_SUCCESS);
	exit(TEST_FAILED);

Diffs:
     strtrim: |Hello 	  Please
 Trim me !|
  ft_strtrim: |HelloPleaseTrimme!

|

[fail]: your strtrim does not work with full blank input
Test code:
	char *s1 = "  \t \t \n   \n\n\n\t";
	char *s2 = "";
	char *ret = ft_strtrim(s1, " \n\t");

	if (!strcmp(ret, s2))
		exit(TEST_SUCCESS);
	exit(TEST_FAILED);

Diffs:
     strtrim: ||
  ft_strtrim: |

|

[fail]: your strtrim does not work with empty input
Test code:
	char *s1 = "";
	char *s2 = "";
	char *ret = ft_strtrim(s1, " \n\t");

	if (!strcmp(ret, s2))
		exit(TEST_SUCCESS);
	exit(TEST_FAILED);

Diffs:
     strtrim: ||
  ft_strtrim: |

|

[KO]: your strtrim did not allocate the good size so the \0 test may be false
Test code:
	char *s1 = "\t   \n\n\n  \n\n\t    Hello \t  Please\n Trim me !\t\t\t\n  \t\t\t\t  ";
	char *s2 = "Hello \t  Please\n Trim me !";
	int r_size = strlen(s2);
	int size;

	ft_strtrim(s1, " \n\t");
	size = get_last_malloc_size();
	if (size == r_size + 1)
		exit(TEST_SUCCESS);
	exit(TEST_KO);

Diffs:
     strtrim: |27|
  ft_strtrim: |20|

[fail]: your strtrim does not allocate memory
Test code:
	char *s1 = "   \t  \n\n \t\t  \n\n\nHello \t  Please\n Trim me !\n   \n \n \t\t\n  ";
	char *s2 = "Hello \t  Please\n Trim me !";
	char *ret = ft_strtrim(s1, " \n\t");

	if (!strcmp(ret, s2))
	{
		free(ret);
		exit(TEST_SUCCESS);
	}
	free(ret);
	exit(TEST_FAILED);

Diffs:
     strtrim: |Hello 	  Please
 Trim me !|
  ft_strtrim: |HelloPleaseTrimme!

|

[fail]: your strtrim does not set \0 to the end of the string
Test code:
	char *s1 = "   \t  \n\n \t\t  \n\n\nHello \t  Please\n Trim me !\n   \n \n \t\t\n  ";
	char *s2 = "Hello \t  Please\n Trim me !";

	char *ret = ft_strtrim(s1, " \n\t");
	if (!strcmp(s2, ret))
	{
		free(ret);
		exit(TEST_SUCCESS);
	}
	free(ret);
	exit(TEST_FAILED);

Diffs:
     strtrim: |Hello 	  Please
 Trim me !|
  ft_strtrim: |HelloPleaseTrimme!

|

ft_split:      [FAILED] [OK] [FAILED] [FAILED] [OK] [OK] [FAILED] [OK] [FAILED] {not protected}
[fail]: your split does not work with basic input
Test code:
	char *string = "      split       this for   me  !       ";
	char **expected = ((char*[6]){"split", "this", "for", "me", "!", ((void *)0)});
	char **result = ft_split(string, ' ');

	split_cmp_array(expected, result);

Diffs:
       split: |split|
    ft_split: ||

[fail]: your split does not work with one word
Test code:
	char *s = "                  olol";
	char **result = ft_split(s, ' ');

	split_cmp_array(expected, result);

Diffs:
       split: |olol|
    ft_split: ||

[fail]: your split does not work with one word
Test code:
	char *s = "olol                     ";
	char **result = ft_split(s, ' ');

	split_cmp_array(expected, result);

Diffs:
       split: |olol|
    ft_split: ||

[fail]: your split does not work with basic input
Test code:
	char *s = "split  ||this|for|me|||||!|";
	int i = 0;
	char **result = ft_split(s, '|');

	while (result[i])
	{
		if (strcmp(result[i], *expected))
		{
			exit(TEST_FAILED);
		}
		free(result[i]);
		i++;
		expected++;
	}
	free(result);
	exit(TEST_SUCCESS);

Diffs:
       split: |split  |
    ft_split: ||

[fail]: your split does not work with basic input
Test code:
	char *s = "      split       this for   me  !       ";

	char **result = ft_split(s, ' ');
	while (*result)
	{
		if (strcmp(*result, *expected))
		{
			exit(TEST_FAILED);
		}
		result++;
		expected++;
	}
	exit(TEST_SUCCESS);

Diffs:
       split: |split|
    ft_split: ||

ft_itoa:       [MISSING]
ft_strmapi:    [MISSING]
ft_putchar_fd: [MISSING]
ft_putstr_fd:  [MISSING]
ft_putendl_fd: [MISSING]
ft_putnbr_fd:  [MISSING]
ft_lstnew:     [MISSING]
ft_lstadd_front: [MISSING]
ft_lstsize:    [MISSING]
ft_lstlast:    [MISSING]
ft_lstadd_back:[MISSING]
ft_lstdelone:  [MISSING]
ft_lstclear:   [MISSING]
ft_lstiter:    [MISSING]
ft_lstmap:     [MISSING]
